[08-Oct-2016 00:33:58 UTC] functions child
[08-Oct-2016 00:33:59 UTC] PHP Fatal error:  Uncaught Error: Call to a member function get_upsells() on null in /Users/rauldezamacona/Documents/sites/new-era/wp-content/themes/invogue/woocommerce/single-product/up-sells.php:24
Stack trace:
#0 /Users/rauldezamacona/Documents/sites/new-era/wp-content/plugins/woocommerce/includes/wc-core-functions.php(203): include()
#1 /Users/rauldezamacona/Documents/sites/new-era/wp-content/plugins/woocommerce/includes/wc-template-functions.php(1296): wc_get_template('single-product/...', Array)
#2 /Users/rauldezamacona/Documents/sites/new-era/wp-includes/plugin.php(524): woocommerce_upsell_display('')
#3 /Users/rauldezamacona/Documents/sites/new-era/wp-content/themes/invogue/woocommerce/content-single-product.php(90): do_action('woocommerce_aft...')
#4 /Users/rauldezamacona/Documents/sites/new-era/wp-includes/template.php(574): require('/Users/rauldeza...')
#5 /Users/rauldezamacona/Documents/sites/new-era/wp-content/plugins/woocommerce/includes/wc-core-functions.php(173): load_template('/Users/rauldeza...', false)
#6 /U in /Users/rauldezamacona/Documents/sites/new-era/wp-content/themes/invogue/woocommerce/single-product/up-sells.php on line 24
[08-Oct-2016 00:33:59 UTC] functions child
[08-Oct-2016 00:35:07 UTC] functions child
[08-Oct-2016 00:35:09 UTC] functions child
[08-Oct-2016 00:35:09 UTC] functions child
[08-Oct-2016 00:35:19 UTC] functions child
[08-Oct-2016 00:35:24 UTC] functions child
[08-Oct-2016 00:35:25 UTC] functions child
[08-Oct-2016 00:35:25 UTC] functions child
[08-Oct-2016 00:36:00 UTC] functions child
[08-Oct-2016 00:37:07 UTC] functions child
[08-Oct-2016 00:37:09 UTC] functions child
[08-Oct-2016 00:37:09 UTC] functions child
[08-Oct-2016 00:37:20 UTC] functions child
[08-Oct-2016 00:37:32 UTC] functions child
[08-Oct-2016 00:37:44 UTC] functions child
[08-Oct-2016 00:37:45 UTC] functions child
[08-Oct-2016 00:37:47 UTC] functions child
[08-Oct-2016 00:37:49 UTC] functions child
[08-Oct-2016 00:37:49 UTC] functions child
[08-Oct-2016 00:37:49 UTC] functions child
[08-Oct-2016 00:37:58 UTC] functions child
[08-Oct-2016 00:37:59 UTC] functions child
[08-Oct-2016 00:37:59 UTC] functions child
[08-Oct-2016 00:37:59 UTC] functions child
[08-Oct-2016 00:38:01 UTC] functions child
[08-Oct-2016 00:38:01 UTC] functions child
[08-Oct-2016 00:38:16 UTC] functions child
[08-Oct-2016 00:38:29 UTC] functions child
[08-Oct-2016 00:38:30 UTC] functions child
[08-Oct-2016 00:38:31 UTC] functions child
[08-Oct-2016 00:38:32 UTC] functions child
[08-Oct-2016 00:38:33 UTC] functions child
[08-Oct-2016 00:38:34 UTC] functions child
[08-Oct-2016 00:38:38 UTC] functions child
[08-Oct-2016 00:38:39 UTC] functions child
[08-Oct-2016 00:38:39 UTC] functions child
[08-Oct-2016 00:38:39 UTC] functions child
[08-Oct-2016 00:38:47 UTC] functions child
[08-Oct-2016 00:38:48 UTC] functions child
[08-Oct-2016 00:38:50 UTC] functions child
[08-Oct-2016 00:38:50 UTC] functions child
[08-Oct-2016 00:38:50 UTC] functions child
[08-Oct-2016 00:38:55 UTC] functions child
[08-Oct-2016 00:38:56 UTC] functions child
[08-Oct-2016 00:38:57 UTC] functions child
[08-Oct-2016 00:38:59 UTC] functions child
[08-Oct-2016 00:38:59 UTC] functions child
[08-Oct-2016 00:38:59 UTC] functions child
[08-Oct-2016 00:38:59 UTC] functions child
[08-Oct-2016 00:39:00 UTC] functions child
[08-Oct-2016 00:39:01 UTC] functions child
[08-Oct-2016 00:39:01 UTC] functions child
[08-Oct-2016 00:39:01 UTC] functions child
[08-Oct-2016 00:39:35 UTC] functions child
[08-Oct-2016 00:39:36 UTC] functions child
[08-Oct-2016 00:39:38 UTC] functions child
[08-Oct-2016 00:39:40 UTC] functions child
[08-Oct-2016 00:39:40 UTC] functions child
[08-Oct-2016 00:39:40 UTC] functions child
[08-Oct-2016 00:39:41 UTC] functions child
[08-Oct-2016 00:39:48 UTC] functions child
[08-Oct-2016 00:39:54 UTC] functions child
[08-Oct-2016 00:39:54 UTC] functions child
[08-Oct-2016 00:39:56 UTC] functions child
[08-Oct-2016 00:39:56 UTC] functions child
[08-Oct-2016 00:39:56 UTC] functions child
[08-Oct-2016 00:39:56 UTC] functions child
[08-Oct-2016 00:39:56 UTC] functions child
[08-Oct-2016 00:39:57 UTC] functions child
[08-Oct-2016 00:39:57 UTC] functions child
[08-Oct-2016 00:39:59 UTC] functions child
[08-Oct-2016 00:40:05 UTC] functions child
[08-Oct-2016 00:40:07 UTC] functions child
[08-Oct-2016 00:40:07 UTC] functions child
[08-Oct-2016 00:40:07 UTC] functions child
[08-Oct-2016 00:40:09 UTC] functions child
[08-Oct-2016 00:40:09 UTC] functions child
[08-Oct-2016 00:40:56 UTC] functions child
[08-Oct-2016 01:01:08 UTC] functions child
[08-Oct-2016 01:01:11 UTC] functions child
[09-Oct-2016 22:48:11 UTC] functions child
[09-Oct-2016 22:48:11 UTC] functions child
[09-Oct-2016 22:48:12 UTC] functions child
[09-Oct-2016 22:48:12 UTC] functions child
[09-Oct-2016 22:48:13 UTC] functions child
[09-Oct-2016 22:48:31 UTC] functions child
[09-Oct-2016 22:48:44 UTC] functions child
[09-Oct-2016 22:48:45 UTC] functions child
[09-Oct-2016 22:48:58 UTC] functions child
[09-Oct-2016 22:48:58 UTC] functions child
[09-Oct-2016 22:48:58 UTC] functions child
[09-Oct-2016 22:49:26 UTC] functions child
[09-Oct-2016 22:49:27 UTC] functions child
[09-Oct-2016 22:49:28 UTC] functions child
[09-Oct-2016 22:49:29 UTC] functions child
[09-Oct-2016 22:49:31 UTC] functions child
[09-Oct-2016 22:49:31 UTC] functions child
[09-Oct-2016 22:49:31 UTC] functions child
[09-Oct-2016 22:49:34 UTC] functions child
[09-Oct-2016 22:49:36 UTC] functions child
[09-Oct-2016 22:49:36 UTC] functions child
[09-Oct-2016 22:49:36 UTC] functions child
[09-Oct-2016 22:49:46 UTC] functions child
[09-Oct-2016 22:50:06 UTC] functions child
[09-Oct-2016 22:50:07 UTC] functions child
[09-Oct-2016 22:50:09 UTC] functions child
[09-Oct-2016 22:50:09 UTC] functions child
[09-Oct-2016 22:50:09 UTC] functions child
[09-Oct-2016 22:50:26 UTC] functions child
[09-Oct-2016 22:50:28 UTC] functions child
[09-Oct-2016 22:50:29 UTC] functions child
[09-Oct-2016 22:50:30 UTC] functions child
[09-Oct-2016 22:50:30 UTC] functions child
[09-Oct-2016 22:50:32 UTC] functions child
[09-Oct-2016 22:50:32 UTC] functions child
[09-Oct-2016 22:50:34 UTC] functions child
[09-Oct-2016 22:50:34 UTC] functions child
[09-Oct-2016 22:50:34 UTC] functions child
[09-Oct-2016 22:50:34 UTC] functions child
[09-Oct-2016 22:50:47 UTC] functions child
[09-Oct-2016 22:51:05 UTC] functions child
[09-Oct-2016 22:51:06 UTC] functions child
[09-Oct-2016 22:51:07 UTC] functions child
[09-Oct-2016 22:51:07 UTC] functions child
[09-Oct-2016 22:51:08 UTC] functions child
[09-Oct-2016 22:51:08 UTC] functions child
[09-Oct-2016 22:51:09 UTC] functions child
[09-Oct-2016 22:51:09 UTC] functions child
[09-Oct-2016 22:51:09 UTC] functions child
[09-Oct-2016 22:51:09 UTC] functions child
[09-Oct-2016 22:51:48 UTC] functions child
[09-Oct-2016 22:52:09 UTC] functions child
[09-Oct-2016 22:52:27 UTC] functions child
[09-Oct-2016 22:52:28 UTC] functions child
[09-Oct-2016 22:52:28 UTC] functions child
[09-Oct-2016 22:52:28 UTC] functions child
[09-Oct-2016 22:52:29 UTC] functions child
[09-Oct-2016 22:52:29 UTC] functions child
[09-Oct-2016 22:52:31 UTC] functions child
[09-Oct-2016 22:52:31 UTC] functions child
[09-Oct-2016 22:52:31 UTC] functions child
[09-Oct-2016 22:52:31 UTC] functions child
[09-Oct-2016 22:52:48 UTC] functions child
[09-Oct-2016 22:54:32 UTC] functions child
[09-Oct-2016 22:54:49 UTC] functions child
[09-Oct-2016 23:24:44 UTC] functions child
[09-Oct-2016 23:25:01 UTC] functions child
[09-Oct-2016 23:26:45 UTC] functions child
[09-Oct-2016 23:27:02 UTC] functions child
[09-Oct-2016 23:28:46 UTC] functions child
[09-Oct-2016 23:29:02 UTC] functions child
[09-Oct-2016 23:30:47 UTC] functions child
[09-Oct-2016 23:31:03 UTC] functions child
[09-Oct-2016 23:32:48 UTC] functions child
[09-Oct-2016 23:33:03 UTC] functions child
[09-Oct-2016 23:34:49 UTC] functions child
[09-Oct-2016 23:35:04 UTC] functions child
[09-Oct-2016 23:36:50 UTC] functions child
[09-Oct-2016 23:37:04 UTC] functions child
[09-Oct-2016 23:38:51 UTC] functions child
[09-Oct-2016 23:39:05 UTC] functions child
[09-Oct-2016 23:40:52 UTC] functions child
[09-Oct-2016 23:41:06 UTC] functions child
[09-Oct-2016 23:42:53 UTC] functions child
[09-Oct-2016 23:43:07 UTC] functions child
[09-Oct-2016 23:45:13 UTC] functions child
[09-Oct-2016 23:45:27 UTC] functions child
[09-Oct-2016 23:47:14 UTC] functions child
[09-Oct-2016 23:47:27 UTC] functions child
[09-Oct-2016 23:49:16 UTC] functions child
[09-Oct-2016 23:49:16 UTC] functions child
[09-Oct-2016 23:49:28 UTC] functions child
[09-Oct-2016 23:51:17 UTC] functions child
[09-Oct-2016 23:51:17 UTC] functions child
[09-Oct-2016 23:51:29 UTC] functions child
[09-Oct-2016 23:53:18 UTC] functions child
[09-Oct-2016 23:55:18 UTC] functions child
[09-Oct-2016 23:57:19 UTC] functions child
[09-Oct-2016 23:59:19 UTC] functions child
[10-Oct-2016 00:01:20 UTC] functions child
[10-Oct-2016 00:01:21 UTC] functions child
[10-Oct-2016 00:03:21 UTC] functions child
[10-Oct-2016 00:05:23 UTC] functions child
[10-Oct-2016 00:07:23 UTC] functions child
[10-Oct-2016 00:09:24 UTC] functions child
[10-Oct-2016 00:11:25 UTC] functions child
[10-Oct-2016 00:13:25 UTC] functions child
[10-Oct-2016 00:15:26 UTC] functions child
[10-Oct-2016 00:18:16 UTC] functions child
[10-Oct-2016 00:18:18 UTC] functions child
[10-Oct-2016 00:18:18 UTC] functions child
[10-Oct-2016 00:18:52 UTC] functions child
[10-Oct-2016 00:19:52 UTC] functions child
[10-Oct-2016 00:20:53 UTC] functions child
[10-Oct-2016 00:21:40 UTC] functions child
[10-Oct-2016 00:21:40 UTC] functions child
[10-Oct-2016 00:21:41 UTC] functions child
[10-Oct-2016 00:21:42 UTC] functions child
[10-Oct-2016 00:21:45 UTC] functions child
[10-Oct-2016 00:21:45 UTC] functions child
[10-Oct-2016 00:21:46 UTC] functions child
[10-Oct-2016 00:21:46 UTC] functions child
[10-Oct-2016 00:21:46 UTC] functions child
[10-Oct-2016 00:21:46 UTC] functions child
[10-Oct-2016 00:22:51 UTC] functions child
[10-Oct-2016 00:22:54 UTC] functions child
[10-Oct-2016 00:22:55 UTC] functions child
[10-Oct-2016 00:22:55 UTC] functions child
[10-Oct-2016 00:23:09 UTC] functions child
[10-Oct-2016 00:23:10 UTC] functions child
[10-Oct-2016 00:23:10 UTC] functions child
[10-Oct-2016 00:23:47 UTC] functions child
[10-Oct-2016 00:23:52 UTC] functions child
[10-Oct-2016 00:24:29 UTC] functions child
[10-Oct-2016 00:24:29 UTC] functions child
[10-Oct-2016 00:24:31 UTC] functions child
[10-Oct-2016 00:24:31 UTC] functions child
[10-Oct-2016 00:24:31 UTC] functions child
[10-Oct-2016 00:24:31 UTC] functions child
[10-Oct-2016 00:24:31 UTC] functions child
[10-Oct-2016 00:24:32 UTC] functions child
[10-Oct-2016 00:24:34 UTC] functions child
[10-Oct-2016 00:24:34 UTC] functions child
[10-Oct-2016 00:24:47 UTC] functions child
[10-Oct-2016 00:25:37 UTC] functions child
[10-Oct-2016 00:25:45 UTC] functions child
[10-Oct-2016 00:25:46 UTC] functions child
[10-Oct-2016 00:25:47 UTC] functions child
[10-Oct-2016 00:25:48 UTC] functions child
[10-Oct-2016 00:25:48 UTC] functions child
[10-Oct-2016 00:25:48 UTC] functions child
[10-Oct-2016 00:25:48 UTC] functions child
[10-Oct-2016 00:25:48 UTC] functions child
[10-Oct-2016 00:25:50 UTC] functions child
[10-Oct-2016 00:25:50 UTC] functions child
[10-Oct-2016 00:26:48 UTC] functions child
[10-Oct-2016 00:27:23 UTC] functions child
[10-Oct-2016 00:28:16 UTC] functions child
[10-Oct-2016 00:28:17 UTC] functions child
[10-Oct-2016 00:28:18 UTC] functions child
[10-Oct-2016 00:28:20 UTC] functions child
[10-Oct-2016 00:28:21 UTC] functions child
[10-Oct-2016 00:28:21 UTC] functions child
[10-Oct-2016 00:28:28 UTC] functions child
[10-Oct-2016 00:28:30 UTC] functions child
[10-Oct-2016 00:28:30 UTC] functions child
[10-Oct-2016 00:28:30 UTC] functions child
[10-Oct-2016 00:28:49 UTC] functions child
[10-Oct-2016 00:29:05 UTC] functions child
[10-Oct-2016 00:29:07 UTC] functions child
[10-Oct-2016 00:29:08 UTC] functions child
[10-Oct-2016 00:29:08 UTC] functions child
[10-Oct-2016 00:29:10 UTC] functions child
[10-Oct-2016 00:29:10 UTC] functions child
[10-Oct-2016 00:29:10 UTC] functions child
[10-Oct-2016 00:29:10 UTC] functions child
[10-Oct-2016 00:29:10 UTC] functions child
[10-Oct-2016 00:29:10 UTC] functions child
[10-Oct-2016 00:30:09 UTC] functions child
[10-Oct-2016 00:30:18 UTC] functions child
[10-Oct-2016 00:30:18 UTC] functions child
[10-Oct-2016 00:30:19 UTC] functions child
[10-Oct-2016 00:30:21 UTC] functions child
[10-Oct-2016 00:30:21 UTC] functions child
[10-Oct-2016 00:30:21 UTC] functions child
[10-Oct-2016 00:30:21 UTC] functions child
[10-Oct-2016 00:30:21 UTC] functions child
[10-Oct-2016 00:30:23 UTC] functions child
[10-Oct-2016 00:30:23 UTC] functions child
[10-Oct-2016 00:30:35 UTC] functions child
[10-Oct-2016 00:30:36 UTC] functions child
[10-Oct-2016 00:30:38 UTC] functions child
[10-Oct-2016 00:30:39 UTC] functions child
[10-Oct-2016 00:31:20 UTC] functions child
[10-Oct-2016 00:31:21 UTC] functions child
[10-Oct-2016 00:31:32 UTC] functions child
[10-Oct-2016 00:31:50 UTC] functions child
[10-Oct-2016 00:31:51 UTC] functions child
[10-Oct-2016 00:31:53 UTC] functions child
[10-Oct-2016 00:31:53 UTC] functions child
[10-Oct-2016 00:31:53 UTC] functions child
[10-Oct-2016 00:31:53 UTC] functions child
[10-Oct-2016 00:32:00 UTC] functions child
[10-Oct-2016 00:32:02 UTC] functions child
[10-Oct-2016 00:32:02 UTC] functions child
[10-Oct-2016 00:32:21 UTC] functions child
[10-Oct-2016 00:33:27 UTC] functions child
[10-Oct-2016 00:33:28 UTC] functions child
[10-Oct-2016 00:33:28 UTC] functions child
[10-Oct-2016 00:33:54 UTC] functions child
[10-Oct-2016 00:34:22 UTC] functions child
[10-Oct-2016 00:34:39 UTC] functions child
[10-Oct-2016 00:34:41 UTC] functions child
[10-Oct-2016 00:34:41 UTC] functions child
[10-Oct-2016 00:35:22 UTC] functions child
[10-Oct-2016 00:35:24 UTC] functions child
[10-Oct-2016 00:35:24 UTC] functions child
[10-Oct-2016 00:35:38 UTC] functions child
[10-Oct-2016 00:35:40 UTC] functions child
[10-Oct-2016 00:35:40 UTC] functions child
[10-Oct-2016 00:35:47 UTC] functions child
[10-Oct-2016 00:35:49 UTC] functions child
[10-Oct-2016 00:35:49 UTC] functions child
[10-Oct-2016 00:35:55 UTC] functions child
[10-Oct-2016 00:36:23 UTC] functions child
[10-Oct-2016 00:36:28 UTC] functions child
[10-Oct-2016 00:36:37 UTC] functions child
[10-Oct-2016 00:36:38 UTC] functions child
[10-Oct-2016 00:36:39 UTC] functions child
[10-Oct-2016 00:36:52 UTC] functions child
[10-Oct-2016 00:36:53 UTC] functions child
[10-Oct-2016 00:36:55 UTC] functions child
[10-Oct-2016 00:36:55 UTC] functions child
[10-Oct-2016 00:36:56 UTC] functions child
[10-Oct-2016 00:36:58 UTC] functions child
[10-Oct-2016 00:36:58 UTC] functions child
[10-Oct-2016 00:36:58 UTC] functions child
[10-Oct-2016 00:36:58 UTC] functions child
[10-Oct-2016 00:36:58 UTC] functions child
[10-Oct-2016 00:37:00 UTC] functions child
[10-Oct-2016 00:37:00 UTC] functions child
[10-Oct-2016 00:37:07 UTC] functions child
[10-Oct-2016 00:37:09 UTC] functions child
[10-Oct-2016 00:37:09 UTC] functions child
[10-Oct-2016 00:37:25 UTC] functions child
[10-Oct-2016 00:37:27 UTC] functions child
[10-Oct-2016 00:37:27 UTC] functions child
[10-Oct-2016 00:38:24 UTC] functions child
[10-Oct-2016 00:38:30 UTC] functions child
[10-Oct-2016 00:38:32 UTC] functions child
[10-Oct-2016 00:38:32 UTC] functions child
[10-Oct-2016 00:38:59 UTC] functions child
[10-Oct-2016 00:39:33 UTC] functions child
[10-Oct-2016 00:39:35 UTC] functions child
[10-Oct-2016 00:39:35 UTC] functions child
[10-Oct-2016 00:40:04 UTC] functions child
[10-Oct-2016 00:40:06 UTC] functions child
[10-Oct-2016 00:40:06 UTC] functions child
[10-Oct-2016 00:40:09 UTC] functions child
[10-Oct-2016 00:40:11 UTC] functions child
[10-Oct-2016 00:40:11 UTC] functions child
[10-Oct-2016 00:40:25 UTC] functions child
[10-Oct-2016 00:40:43 UTC] functions child
[10-Oct-2016 00:40:45 UTC] functions child
[10-Oct-2016 00:40:45 UTC] functions child
[10-Oct-2016 00:40:55 UTC] functions child
[10-Oct-2016 00:40:57 UTC] functions child
[10-Oct-2016 00:40:57 UTC] functions child
[10-Oct-2016 00:41:00 UTC] functions child
[10-Oct-2016 00:41:17 UTC] functions child
[10-Oct-2016 00:41:19 UTC] functions child
[10-Oct-2016 00:41:19 UTC] functions child
[10-Oct-2016 00:41:31 UTC] functions child
[10-Oct-2016 00:41:33 UTC] functions child
[10-Oct-2016 00:41:33 UTC] functions child
[10-Oct-2016 00:41:48 UTC] functions child
[10-Oct-2016 00:41:50 UTC] functions child
[10-Oct-2016 00:41:50 UTC] functions child
[10-Oct-2016 00:41:58 UTC] functions child
[10-Oct-2016 00:42:00 UTC] functions child
[10-Oct-2016 00:42:00 UTC] functions child
[10-Oct-2016 00:42:26 UTC] functions child
[10-Oct-2016 00:43:01 UTC] functions child
[10-Oct-2016 00:44:27 UTC] functions child
[10-Oct-2016 00:44:41 UTC] functions child
[10-Oct-2016 00:44:50 UTC] functions child
[10-Oct-2016 00:44:52 UTC] functions child
[10-Oct-2016 00:44:52 UTC] functions child
[10-Oct-2016 00:45:42 UTC] functions child
[10-Oct-2016 00:46:28 UTC] functions child
[10-Oct-2016 00:46:58 UTC] functions child
[10-Oct-2016 00:47:00 UTC] functions child
[10-Oct-2016 00:47:00 UTC] functions child
[10-Oct-2016 00:47:16 UTC] functions child
[10-Oct-2016 00:47:18 UTC] functions child
[10-Oct-2016 00:47:18 UTC] functions child
[10-Oct-2016 00:47:43 UTC] functions child
[10-Oct-2016 00:48:23 UTC] functions child
[10-Oct-2016 00:48:25 UTC] functions child
[10-Oct-2016 00:48:25 UTC] functions child
[10-Oct-2016 00:48:29 UTC] functions child
[10-Oct-2016 00:49:28 UTC] functions child
[10-Oct-2016 00:49:29 UTC] functions child
[10-Oct-2016 00:49:31 UTC] functions child
[10-Oct-2016 00:49:31 UTC] functions child
[10-Oct-2016 00:49:44 UTC] functions child
[10-Oct-2016 00:49:44 UTC] functions child
[10-Oct-2016 00:49:46 UTC] functions child
[10-Oct-2016 00:49:46 UTC] functions child
[10-Oct-2016 00:50:30 UTC] functions child
[10-Oct-2016 00:50:30 UTC] functions child
[10-Oct-2016 00:51:41 UTC] functions child
[10-Oct-2016 00:51:43 UTC] functions child
[10-Oct-2016 00:51:43 UTC] functions child
[10-Oct-2016 00:51:45 UTC] functions child
[10-Oct-2016 00:51:51 UTC] functions child
[10-Oct-2016 00:51:53 UTC] functions child
[10-Oct-2016 00:51:53 UTC] functions child
[10-Oct-2016 00:52:19 UTC] functions child
[10-Oct-2016 00:52:21 UTC] functions child
[10-Oct-2016 00:52:21 UTC] functions child
[10-Oct-2016 00:52:29 UTC] functions child
[10-Oct-2016 00:52:31 UTC] functions child
[10-Oct-2016 00:52:31 UTC] functions child
[10-Oct-2016 00:52:31 UTC] functions child
[10-Oct-2016 00:52:40 UTC] functions child
[10-Oct-2016 00:52:42 UTC] functions child
[10-Oct-2016 00:52:42 UTC] functions child
[10-Oct-2016 00:52:50 UTC] functions child
[10-Oct-2016 00:52:52 UTC] functions child
[10-Oct-2016 00:52:52 UTC] functions child
[10-Oct-2016 00:53:15 UTC] functions child
[10-Oct-2016 00:53:17 UTC] functions child
[10-Oct-2016 00:53:17 UTC] functions child
[10-Oct-2016 00:53:45 UTC] functions child
[10-Oct-2016 00:54:07 UTC] functions child
[10-Oct-2016 00:54:09 UTC] functions child
[10-Oct-2016 00:54:09 UTC] functions child
[10-Oct-2016 00:54:32 UTC] functions child
[10-Oct-2016 00:55:15 UTC] functions child
[10-Oct-2016 00:55:16 UTC] functions child
[10-Oct-2016 00:55:16 UTC] functions child
[10-Oct-2016 00:55:46 UTC] functions child
[10-Oct-2016 00:55:49 UTC] functions child
[10-Oct-2016 00:55:50 UTC] functions child
[10-Oct-2016 00:55:50 UTC] functions child
[10-Oct-2016 00:55:58 UTC] functions child
[10-Oct-2016 00:56:00 UTC] functions child
[10-Oct-2016 00:56:00 UTC] functions child
[10-Oct-2016 00:56:05 UTC] functions child
[10-Oct-2016 00:56:07 UTC] functions child
[10-Oct-2016 00:56:07 UTC] functions child
[10-Oct-2016 00:56:20 UTC] functions child
[10-Oct-2016 00:56:22 UTC] functions child
[10-Oct-2016 00:56:22 UTC] functions child
[10-Oct-2016 00:56:33 UTC] functions child
[10-Oct-2016 00:56:41 UTC] functions child
[10-Oct-2016 00:56:41 UTC] PHP Notice:  Undefined variable: id in /Users/rauldezamacona/Documents/sites/new-era/wp-content/themes/invogue-child/woocommerce/single-product/meta.php on line 49
[10-Oct-2016 00:56:43 UTC] functions child
[10-Oct-2016 00:56:43 UTC] functions child
[10-Oct-2016 00:57:46 UTC] functions child
[10-Oct-2016 00:58:34 UTC] functions child
[10-Oct-2016 00:59:08 UTC] functions child
[10-Oct-2016 00:59:09 UTC] PHP Notice:  Undefined variable: id in /Users/rauldezamacona/Documents/sites/new-era/wp-content/themes/invogue-child/woocommerce/single-product/meta.php on line 49
[10-Oct-2016 00:59:10 UTC] functions child
[10-Oct-2016 00:59:10 UTC] functions child
[10-Oct-2016 00:59:46 UTC] functions child
[10-Oct-2016 00:59:55 UTC] functions child
[10-Oct-2016 00:59:55 UTC] PHP Notice:  Undefined variable: id in /Users/rauldezamacona/Documents/sites/new-era/wp-content/themes/invogue-child/woocommerce/single-product/meta.php on line 49
[10-Oct-2016 00:59:57 UTC] functions child
[10-Oct-2016 00:59:57 UTC] functions child
[10-Oct-2016 01:00:31 UTC] functions child
[10-Oct-2016 01:00:32 UTC] PHP Notice:  Undefined variable: id in /Users/rauldezamacona/Documents/sites/new-era/wp-content/themes/invogue-child/woocommerce/single-product/meta.php on line 49
[10-Oct-2016 01:00:33 UTC] functions child
[10-Oct-2016 01:00:33 UTC] functions child
[10-Oct-2016 01:00:34 UTC] functions child
[10-Oct-2016 01:00:41 UTC] functions child
[10-Oct-2016 01:00:41 UTC] PHP Notice:  Undefined variable: id in /Users/rauldezamacona/Documents/sites/new-era/wp-content/themes/invogue-child/woocommerce/single-product/meta.php on line 49
[10-Oct-2016 01:00:43 UTC] functions child
[10-Oct-2016 01:00:43 UTC] functions child
